<?xml version="1.0" encoding="UTF-8"?>
<testng-results total="2" passed="2" failed="0" skipped="0">
  <reporter-output>
  </reporter-output>
  <suite started-at="2021-04-14T01:04:38Z" name="Default suite" finished-at="2021-04-14T01:04:49Z" duration-ms="10964">
    <groups>
    </groups>
    <test started-at="2021-04-14T01:04:38Z" name="Default test" finished-at="2021-04-14T01:04:49Z" duration-ms="10964">
      <class name="testngFramework.TestNG_LaunchBrowsers">
        <test-method is-config="true" signature="beforeSuite()[pri:0, instance:testngFramework.TestNG_LaunchBrowsers@6fd83fc1]" started-at="2021-04-13T22:04:38Z" name="beforeSuite" finished-at="2021-04-13T22:04:38Z" duration-ms="34" status="PASS">
          <reporter-output>
          </reporter-output>
        </test-method> <!-- beforeSuite -->
        <test-method is-config="true" signature="beforeTest()[pri:0, instance:testngFramework.TestNG_LaunchBrowsers@6fd83fc1]" started-at="2021-04-13T22:04:38Z" name="beforeTest" finished-at="2021-04-13T22:04:38Z" duration-ms="1" status="PASS">
          <reporter-output>
          </reporter-output>
        </test-method> <!-- beforeTest -->
        <test-method is-config="true" signature="beforeClass()[pri:0, instance:testngFramework.TestNG_LaunchBrowsers@6fd83fc1]" started-at="2021-04-13T22:04:38Z" name="beforeClass" finished-at="2021-04-13T22:04:38Z" duration-ms="1" status="PASS">
          <reporter-output>
          </reporter-output>
        </test-method> <!-- beforeClass -->
        <test-method is-config="true" signature="beforeMethod()[pri:0, instance:testngFramework.TestNG_LaunchBrowsers@6fd83fc1]" started-at="2021-04-13T22:04:38Z" name="beforeMethod" finished-at="2021-04-13T22:04:38Z" duration-ms="4" status="PASS">
          <reporter-output>
          </reporter-output>
        </test-method> <!-- beforeMethod -->
        <test-method signature="Browserlaunch(java.lang.Integer, java.lang.String)[pri:0, instance:testngFramework.TestNG_LaunchBrowsers@6fd83fc1]" started-at="2021-04-13T22:04:38Z" name="Browserlaunch" data-provider="dp" finished-at="2021-04-13T22:04:44Z" duration-ms="6389" status="PASS">
          <params>
            <param index="0">
              <value>
                <![CDATA[1]]>
              </value>
            </param>
            <param index="1">
              <value>
                <![CDATA[chrome]]>
              </value>
            </param>
          </params>
          <reporter-output>
          </reporter-output>
        </test-method> <!-- Browserlaunch -->
        <test-method is-config="true" signature="afterMethod()[pri:0, instance:testngFramework.TestNG_LaunchBrowsers@6fd83fc1]" started-at="2021-04-13T22:04:44Z" name="afterMethod" finished-at="2021-04-13T22:04:44Z" duration-ms="1" status="PASS">
          <reporter-output>
          </reporter-output>
        </test-method> <!-- afterMethod -->
        <test-method signature="Browserlaunch(java.lang.Integer, java.lang.String)[pri:0, instance:testngFramework.TestNG_LaunchBrowsers@6fd83fc1]" started-at="2021-04-13T22:04:44Z" name="Browserlaunch" data-provider="dp" finished-at="2021-04-13T22:04:49Z" duration-ms="4553" status="PASS">
          <params>
            <param index="0">
              <value>
                <![CDATA[2]]>
              </value>
            </param>
            <param index="1">
              <value>
                <![CDATA[edge]]>
              </value>
            </param>
          </params>
          <reporter-output>
          </reporter-output>
        </test-method> <!-- Browserlaunch -->
        <test-method is-config="true" signature="beforeMethod()[pri:0, instance:testngFramework.TestNG_LaunchBrowsers@6fd83fc1]" started-at="2021-04-13T22:04:44Z" name="beforeMethod" finished-at="2021-04-13T22:04:44Z" duration-ms="0" status="PASS">
          <reporter-output>
          </reporter-output>
        </test-method> <!-- beforeMethod -->
        <test-method is-config="true" signature="afterMethod()[pri:0, instance:testngFramework.TestNG_LaunchBrowsers@6fd83fc1]" started-at="2021-04-13T22:04:49Z" name="afterMethod" finished-at="2021-04-13T22:04:49Z" duration-ms="0" status="PASS">
          <reporter-output>
          </reporter-output>
        </test-method> <!-- afterMethod -->
        <test-method is-config="true" signature="afterClass()[pri:0, instance:testngFramework.TestNG_LaunchBrowsers@6fd83fc1]" started-at="2021-04-13T22:04:49Z" name="afterClass" finished-at="2021-04-13T22:04:49Z" duration-ms="1" status="PASS">
          <reporter-output>
          </reporter-output>
        </test-method> <!-- afterClass -->
        <test-method is-config="true" signature="afterTest()[pri:0, instance:testngFramework.TestNG_LaunchBrowsers@6fd83fc1]" started-at="2021-04-13T22:04:49Z" name="afterTest" finished-at="2021-04-13T22:04:49Z" duration-ms="1" status="PASS">
          <reporter-output>
          </reporter-output>
        </test-method> <!-- afterTest -->
        <test-method is-config="true" signature="afterSuite()[pri:0, instance:testngFramework.TestNG_LaunchBrowsers@6fd83fc1]" started-at="2021-04-13T22:04:49Z" name="afterSuite" finished-at="2021-04-13T22:04:49Z" duration-ms="1" status="PASS">
          <reporter-output>
          </reporter-output>
        </test-method> <!-- afterSuite -->
      </class> <!-- testngFramework.TestNG_LaunchBrowsers -->
    </test> <!-- Default test -->
  </suite> <!-- Default suite -->
</testng-results>
